<?xml version="1.0" encoding="UTF-8"?>
<testsuite xmlns:xsi="http://www.w3.org/2001/XMLSchema-instance" xsi:noNamespaceSchemaLocation="https://maven.apache.org/surefire/maven-surefire-plugin/xsd/surefire-test-report-3.0.xsd" version="3.0" name="uk.ac.ed.inf.system.SystemTests" time="4.232" tests="2" errors="0" skipped="0" failures="0">
  <properties>
[...]
</properties>
  <testcase name="test2023_09_02" classname="uk.ac.ed.inf.system.SystemTests" time="1.556">
    <system-out><![CDATA[Successfully validated 58 orders
ORDER_NO - VALIDATION CODE - STATUS_CODE
00C4BB73 - CARD_NUMBER_INVALID - INVALID
691593AB - EXPIRY_DATE_INVALID - INVALID
725D51B9 - CVV_INVALID - INVALID
48CBD479 - TOTAL_INCORRECT - INVALID
27E4ACB6 - PIZZA_NOT_DEFINED - INVALID
2A85D93C - PIZZA_NOT_DEFINED - INVALID
17DAC1BE - PIZZA_FROM_MULTIPLE_RESTAURANTS - INVALID
1319159B - RESTAURANT_CLOSED - INVALID
4A4E79E9 - NO_ERROR - VALID_BUT_NOT_DELIVERED
5A3D7C3D - NO_ERROR - VALID_BUT_NOT_DELIVERED
5B1D3514 - NO_ERROR - VALID_BUT_NOT_DELIVERED
7F24AF12 - RESTAURANT_CLOSED - INVALID
00BA717C - NO_ERROR - VALID_BUT_NOT_DELIVERED
38BE7197 - NO_ERROR - VALID_BUT_NOT_DELIVERED
6EF47BDF - NO_ERROR - VALID_BUT_NOT_DELIVERED
34DAEDA1 - RESTAURANT_CLOSED - INVALID
300C9A59 - NO_ERROR - VALID_BUT_NOT_DELIVERED
165DBB6F - NO_ERROR - VALID_BUT_NOT_DELIVERED
26F1B5AD - NO_ERROR - VALID_BUT_NOT_DELIVERED
3B771C86 - RESTAURANT_CLOSED - INVALID
53F545C1 - NO_ERROR - VALID_BUT_NOT_DELIVERED
1A485232 - NO_ERROR - VALID_BUT_NOT_DELIVERED
1FA32289 - NO_ERROR - VALID_BUT_NOT_DELIVERED
5D8A5545 - RESTAURANT_CLOSED - INVALID
1296ED89 - NO_ERROR - VALID_BUT_NOT_DELIVERED
29FE28F7 - NO_ERROR - VALID_BUT_NOT_DELIVERED
1C2F09C5 - NO_ERROR - VALID_BUT_NOT_DELIVERED
1CA13073 - RESTAURANT_CLOSED - INVALID
65DDF409 - NO_ERROR - VALID_BUT_NOT_DELIVERED
386B050A - NO_ERROR - VALID_BUT_NOT_DELIVERED
07C8CF22 - NO_ERROR - VALID_BUT_NOT_DELIVERED
59F655AA - RESTAURANT_CLOSED - INVALID
21462A2E - NO_ERROR - VALID_BUT_NOT_DELIVERED
62F14CE7 - NO_ERROR - VALID_BUT_NOT_DELIVERED
6E7B9781 - NO_ERROR - VALID_BUT_NOT_DELIVERED
1E73FF1E - RESTAURANT_CLOSED - INVALID
0F76B8A9 - NO_ERROR - VALID_BUT_NOT_DELIVERED
19790D04 - NO_ERROR - VALID_BUT_NOT_DELIVERED
269BF5C1 - NO_ERROR - VALID_BUT_NOT_DELIVERED
392FECB5 - RESTAURANT_CLOSED - INVALID
79EED77D - NO_ERROR - VALID_BUT_NOT_DELIVERED
7171355D - NO_ERROR - VALID_BUT_NOT_DELIVERED
438A2D65 - NO_ERROR - VALID_BUT_NOT_DELIVERED
74441E58 - RESTAURANT_CLOSED - INVALID
5CC20E0B - NO_ERROR - VALID_BUT_NOT_DELIVERED
473706E0 - NO_ERROR - VALID_BUT_NOT_DELIVERED
1B911AE4 - NO_ERROR - VALID_BUT_NOT_DELIVERED
4592A061 - RESTAURANT_CLOSED - INVALID
765E9084 - NO_ERROR - VALID_BUT_NOT_DELIVERED
21F15AF8 - NO_ERROR - VALID_BUT_NOT_DELIVERED
0E6F171C - NO_ERROR - VALID_BUT_NOT_DELIVERED
466B1A5A - RESTAURANT_CLOSED - INVALID
70BE8F96 - NO_ERROR - VALID_BUT_NOT_DELIVERED
2BC6BC67 - NO_ERROR - VALID_BUT_NOT_DELIVERED
24408ED9 - NO_ERROR - VALID_BUT_NOT_DELIVERED
622A80F6 - RESTAURANT_CLOSED - INVALID
648285A1 - NO_ERROR - VALID_BUT_NOT_DELIVERED
288F014F - NO_ERROR - VALID_BUT_NOT_DELIVERED
Total valid orders = 38
ORDER_NO - VALIDATION CODE - STATUS_CODE
00C4BB73 - CARD_NUMBER_INVALID - INVALID
691593AB - EXPIRY_DATE_INVALID - INVALID
725D51B9 - CVV_INVALID - INVALID
48CBD479 - TOTAL_INCORRECT - INVALID
27E4ACB6 - PIZZA_NOT_DEFINED - INVALID
2A85D93C - PIZZA_NOT_DEFINED - INVALID
17DAC1BE - PIZZA_FROM_MULTIPLE_RESTAURANTS - INVALID
1319159B - RESTAURANT_CLOSED - INVALID
4A4E79E9 - NO_ERROR - DELIVERED
5A3D7C3D - NO_ERROR - DELIVERED
5B1D3514 - NO_ERROR - DELIVERED
7F24AF12 - RESTAURANT_CLOSED - INVALID
00BA717C - NO_ERROR - DELIVERED
38BE7197 - NO_ERROR - DELIVERED
6EF47BDF - NO_ERROR - DELIVERED
34DAEDA1 - RESTAURANT_CLOSED - INVALID
300C9A59 - NO_ERROR - DELIVERED
165DBB6F - NO_ERROR - DELIVERED
26F1B5AD - NO_ERROR - DELIVERED
3B771C86 - RESTAURANT_CLOSED - INVALID
53F545C1 - NO_ERROR - DELIVERED
1A485232 - NO_ERROR - DELIVERED
1FA32289 - NO_ERROR - DELIVERED
5D8A5545 - RESTAURANT_CLOSED - INVALID
1296ED89 - NO_ERROR - DELIVERED
29FE28F7 - NO_ERROR - DELIVERED
1C2F09C5 - NO_ERROR - DELIVERED
1CA13073 - RESTAURANT_CLOSED - INVALID
65DDF409 - NO_ERROR - DELIVERED
386B050A - NO_ERROR - DELIVERED
07C8CF22 - NO_ERROR - DELIVERED
59F655AA - RESTAURANT_CLOSED - INVALID
21462A2E - NO_ERROR - DELIVERED
62F14CE7 - NO_ERROR - DELIVERED
6E7B9781 - NO_ERROR - DELIVERED
1E73FF1E - RESTAURANT_CLOSED - INVALID
0F76B8A9 - NO_ERROR - DELIVERED
19790D04 - NO_ERROR - DELIVERED
269BF5C1 - NO_ERROR - DELIVERED
392FECB5 - RESTAURANT_CLOSED - INVALID
79EED77D - NO_ERROR - DELIVERED
7171355D - NO_ERROR - DELIVERED
438A2D65 - NO_ERROR - DELIVERED
74441E58 - RESTAURANT_CLOSED - INVALID
5CC20E0B - NO_ERROR - DELIVERED
473706E0 - NO_ERROR - DELIVERED
1B911AE4 - NO_ERROR - DELIVERED
4592A061 - RESTAURANT_CLOSED - INVALID
765E9084 - NO_ERROR - DELIVERED
21F15AF8 - NO_ERROR - DELIVERED
0E6F171C - NO_ERROR - DELIVERED
466B1A5A - RESTAURANT_CLOSED - INVALID
70BE8F96 - NO_ERROR - DELIVERED
2BC6BC67 - NO_ERROR - DELIVERED
24408ED9 - NO_ERROR - DELIVERED
622A80F6 - RESTAURANT_CLOSED - INVALID
648285A1 - NO_ERROR - DELIVERED
288F014F - NO_ERROR - DELIVERED
Total delivered orders = 38
Restaurants visited:Sodeberg Pavillion, Civerinos Slice, Domino's Pizza - Edinburgh - Southside
Total time taken for processing : 1555
]]></system-out>
  </testcase>
  <testcase name="test2023_10_30" classname="uk.ac.ed.inf.system.SystemTests" time="2.675">
    <system-out><![CDATA[Successfully validated 58 orders
ORDER_NO - VALIDATION CODE - STATUS_CODE
382954AB - CARD_NUMBER_INVALID - INVALID
7768F6AB - EXPIRY_DATE_INVALID - INVALID
53518063 - CVV_INVALID - INVALID
45EE5C2A - TOTAL_INCORRECT - INVALID
151EB0DD - PIZZA_NOT_DEFINED - INVALID
377216E3 - PIZZA_NOT_DEFINED - INVALID
217EA400 - PIZZA_FROM_MULTIPLE_RESTAURANTS - INVALID
10763928 - RESTAURANT_CLOSED - INVALID
33B0F72D - RESTAURANT_CLOSED - INVALID
4A1968C1 - RESTAURANT_CLOSED - INVALID
12ECCF1E - NO_ERROR - VALID_BUT_NOT_DELIVERED
12ACC120 - NO_ERROR - VALID_BUT_NOT_DELIVERED
4A04BCE7 - RESTAURANT_CLOSED - INVALID
75E97E04 - RESTAURANT_CLOSED - INVALID
16DB2431 - NO_ERROR - VALID_BUT_NOT_DELIVERED
2A126E0F - NO_ERROR - VALID_BUT_NOT_DELIVERED
711C51D8 - RESTAURANT_CLOSED - INVALID
5FB4E0DA - RESTAURANT_CLOSED - INVALID
7658BE32 - NO_ERROR - VALID_BUT_NOT_DELIVERED
49137D84 - NO_ERROR - VALID_BUT_NOT_DELIVERED
612EB761 - RESTAURANT_CLOSED - INVALID
183AA1F5 - RESTAURANT_CLOSED - INVALID
7862A617 - NO_ERROR - VALID_BUT_NOT_DELIVERED
4013FC26 - NO_ERROR - VALID_BUT_NOT_DELIVERED
630C9FDE - RESTAURANT_CLOSED - INVALID
10E455F2 - RESTAURANT_CLOSED - INVALID
55CCCE0D - NO_ERROR - VALID_BUT_NOT_DELIVERED
1696620B - NO_ERROR - VALID_BUT_NOT_DELIVERED
7BA075DE - RESTAURANT_CLOSED - INVALID
16C322C7 - RESTAURANT_CLOSED - INVALID
7E2C9289 - NO_ERROR - VALID_BUT_NOT_DELIVERED
24021CBD - NO_ERROR - VALID_BUT_NOT_DELIVERED
0EB64939 - RESTAURANT_CLOSED - INVALID
182E87CC - RESTAURANT_CLOSED - INVALID
49A5215D - NO_ERROR - VALID_BUT_NOT_DELIVERED
72BAB98B - NO_ERROR - VALID_BUT_NOT_DELIVERED
6B647EB5 - RESTAURANT_CLOSED - INVALID
2E9E7208 - RESTAURANT_CLOSED - INVALID
328D6DD1 - NO_ERROR - VALID_BUT_NOT_DELIVERED
1DC02A84 - NO_ERROR - VALID_BUT_NOT_DELIVERED
5FEDD145 - RESTAURANT_CLOSED - INVALID
2AE5D8CB - RESTAURANT_CLOSED - INVALID
26886206 - NO_ERROR - VALID_BUT_NOT_DELIVERED
2209148D - NO_ERROR - VALID_BUT_NOT_DELIVERED
6A99D012 - RESTAURANT_CLOSED - INVALID
3951B00D - RESTAURANT_CLOSED - INVALID
5F8DDEDC - NO_ERROR - VALID_BUT_NOT_DELIVERED
5AF705D5 - NO_ERROR - VALID_BUT_NOT_DELIVERED
5B081CAA - RESTAURANT_CLOSED - INVALID
2CD10586 - RESTAURANT_CLOSED - INVALID
3B77711D - NO_ERROR - VALID_BUT_NOT_DELIVERED
00063722 - NO_ERROR - VALID_BUT_NOT_DELIVERED
7EDD94C5 - RESTAURANT_CLOSED - INVALID
4E273A1D - RESTAURANT_CLOSED - INVALID
1E3B677E - NO_ERROR - VALID_BUT_NOT_DELIVERED
5108900B - NO_ERROR - VALID_BUT_NOT_DELIVERED
33DF0EF5 - RESTAURANT_CLOSED - INVALID
6C81C75D - RESTAURANT_CLOSED - INVALID
Total valid orders = 24
ORDER_NO - VALIDATION CODE - STATUS_CODE
382954AB - CARD_NUMBER_INVALID - INVALID
7768F6AB - EXPIRY_DATE_INVALID - INVALID
53518063 - CVV_INVALID - INVALID
45EE5C2A - TOTAL_INCORRECT - INVALID
151EB0DD - PIZZA_NOT_DEFINED - INVALID
377216E3 - PIZZA_NOT_DEFINED - INVALID
217EA400 - PIZZA_FROM_MULTIPLE_RESTAURANTS - INVALID
10763928 - RESTAURANT_CLOSED - INVALID
33B0F72D - RESTAURANT_CLOSED - INVALID
4A1968C1 - RESTAURANT_CLOSED - INVALID
12ECCF1E - NO_ERROR - DELIVERED
12ACC120 - NO_ERROR - DELIVERED
4A04BCE7 - RESTAURANT_CLOSED - INVALID
75E97E04 - RESTAURANT_CLOSED - INVALID
16DB2431 - NO_ERROR - DELIVERED
2A126E0F - NO_ERROR - DELIVERED
711C51D8 - RESTAURANT_CLOSED - INVALID
5FB4E0DA - RESTAURANT_CLOSED - INVALID
7658BE32 - NO_ERROR - DELIVERED
49137D84 - NO_ERROR - DELIVERED
612EB761 - RESTAURANT_CLOSED - INVALID
183AA1F5 - RESTAURANT_CLOSED - INVALID
7862A617 - NO_ERROR - DELIVERED
4013FC26 - NO_ERROR - DELIVERED
630C9FDE - RESTAURANT_CLOSED - INVALID
10E455F2 - RESTAURANT_CLOSED - INVALID
55CCCE0D - NO_ERROR - DELIVERED
1696620B - NO_ERROR - DELIVERED
7BA075DE - RESTAURANT_CLOSED - INVALID
16C322C7 - RESTAURANT_CLOSED - INVALID
7E2C9289 - NO_ERROR - DELIVERED
24021CBD - NO_ERROR - DELIVERED
0EB64939 - RESTAURANT_CLOSED - INVALID
182E87CC - RESTAURANT_CLOSED - INVALID
49A5215D - NO_ERROR - DELIVERED
72BAB98B - NO_ERROR - DELIVERED
6B647EB5 - RESTAURANT_CLOSED - INVALID
2E9E7208 - RESTAURANT_CLOSED - INVALID
328D6DD1 - NO_ERROR - DELIVERED
1DC02A84 - NO_ERROR - DELIVERED
5FEDD145 - RESTAURANT_CLOSED - INVALID
2AE5D8CB - RESTAURANT_CLOSED - INVALID
26886206 - NO_ERROR - DELIVERED
2209148D - NO_ERROR - DELIVERED
6A99D012 - RESTAURANT_CLOSED - INVALID
3951B00D - RESTAURANT_CLOSED - INVALID
5F8DDEDC - NO_ERROR - DELIVERED
5AF705D5 - NO_ERROR - DELIVERED
5B081CAA - RESTAURANT_CLOSED - INVALID
2CD10586 - RESTAURANT_CLOSED - INVALID
3B77711D - NO_ERROR - DELIVERED
00063722 - NO_ERROR - DELIVERED
7EDD94C5 - RESTAURANT_CLOSED - INVALID
4E273A1D - RESTAURANT_CLOSED - INVALID
1E3B677E - NO_ERROR - DELIVERED
5108900B - NO_ERROR - DELIVERED
33DF0EF5 - RESTAURANT_CLOSED - INVALID
6C81C75D - RESTAURANT_CLOSED - INVALID
Total delivered orders = 24
Restaurants visited:Sora Lella Vegan Restaurant, Civerinos Slice
Total time taken for processing : 2675
]]></system-out>
  </testcase>
</testsuite>