<?xml version="1.0" encoding="UTF-8"?>
<testsuite xmlns:xsi="http://www.w3.org/2001/XMLSchema-instance" xsi:noNamespaceSchemaLocation="https://maven.apache.org/surefire/maven-surefire-plugin/xsd/surefire-test-report-3.0.xsd" version="3.0" name="uk.ac.ed.inf.unit.PathFinderTests" time="0.333" tests="4" errors="0" skipped="0" failures="0">
  <properties>
[...]
</properties>
  <testcase name="appleton_to_sora_lella" classname="uk.ac.ed.inf.unit.PathFinderTests" time="0.109">
    <system-out><![CDATA[Total ticks:105
[-3.2023956385980084,55.94334594970204],[-3.2022456385980083,55.94334594970204],[-3.2021070566681082,55.94340335221694],[-3.201957056668108,55.94340335221694],[-3.201818474738208,55.94346075473184],[-3.201668474738208,55.94346075473184],[-3.201529892808308,55.943518157246736],[-3.201379892808308,55.943518157246736],[-3.201241310878408,55.94357555976163],[-3.201091310878408,55.94357555976163],[-3.200952728948508,55.94363296227653],[-3.2008027289485077,55.94363296227653],[-3.2006641470186077,55.94369036479143],[-3.2005141470186076,55.94369036479143],[-3.2003755650887076,55.94374776730633],[-3.2002255650887075,55.94374776730633],[-3.2000869831588075,55.943805169821225],[-3.1999369831588074,55.943805169821225],[-3.1997984012289074,55.94386257233612],[-3.1996484012289073,55.94386257233612],[-3.1995098192990072,55.94391997485102],[-3.199359819299007,55.94391997485102],[-3.199221237369107,55.94397737736592],[-3.199071237369107,55.94397737736592],[-3.198932655439207,55.944034779880816],[-3.198782655439207,55.944034779880816],[-3.198644073509307,55.944092182395714],[-3.198494073509307,55.944092182395714],[-3.198355491579407,55.94414958491061],[-3.1982054915794067,55.94414958491061],[-3.1980669096495067,55.94420698742551],[-3.1979169096495066,55.94420698742551],[-3.1977783277196066,55.94426438994041],[-3.1976283277196065,55.94426438994041],[-3.1974897457897065,55.944321792455305],[-3.1973397457897064,55.944321792455305],[-3.1972011638598063,55.9443791949702],[-3.1970511638598063,55.9443791949702],[-3.1969125819299062,55.9444365974851],[-3.196762581929906,55.9444365974851],[-3.196624000000006,55.944494],[-3.196474000000006,55.944494],[-3.196324000000006,55.944494],[-3.196174000000006,55.944494],[-3.1960240000000057,55.944494],[-3.1958740000000057,55.944494],[-3.1957240000000056,55.944494],[-3.1955740000000055,55.944494],[-3.1954240000000054,55.944494],[-3.1952740000000053,55.944494],[-3.195124000000005,55.944494],[-3.194974000000005,55.944494],[-3.194824000000005,55.944494],[-3.194674000000005,55.944494],[-3.194524000000005,55.944494],[-3.1943740000000047,55.944494],[-3.1942240000000046,55.944494],[-3.1940740000000045,55.944494],[-3.1939240000000044,55.944494],[-3.1937740000000043,55.944494],[-3.1936240000000042,55.944494],[-3.193474000000004,55.944494],[-3.193324000000004,55.944494],[-3.193174000000004,55.944494],[-3.193024000000004,55.944494],[-3.1928740000000038,55.944494],[-3.1927240000000037,55.944494],[-3.1925740000000036,55.944494],[-3.1924240000000035,55.944494],[-3.1922740000000034,55.944494],[-3.1921240000000033,55.944494],[-3.191974000000003,55.944494],[-3.191824000000003,55.944494],[-3.191674000000003,55.944494],[-3.191524000000003,55.944494],[-3.191374000000003,55.944494],[-3.1912240000000027,55.944494],[-3.1910740000000026,55.944494],[-3.1909240000000025,55.944494],[-3.1907740000000024,55.944494],[-3.1906240000000023,55.944494],[-3.1904740000000023,55.944494],[-3.190324000000002,55.944494],[-3.190174000000002,55.944494],[-3.190024000000002,55.944494],[-3.189874000000002,55.944494],[-3.189724000000002,55.944494],[-3.1895740000000017,55.944494],[-3.1894240000000016,55.944494],[-3.1892740000000015,55.944494],[-3.1891240000000014,55.944494],[-3.1889740000000013,55.944494],[-3.188824000000001,55.944494],[-3.188674000000001,55.944494],[-3.188524000000001,55.944494],[-3.188374000000001,55.944494],[-3.188224000000001,55.944494],[-3.1880740000000007,55.944494],[-3.1879240000000006,55.944494],[-3.1877740000000006,55.944494],[-3.1876240000000005,55.944494],[-3.1874740000000004,55.944494],[-3.1873240000000003,55.944494],[-3.187174,55.944494],[-3.187024,55.944494],[-3.186874,55.944494]
]]></system-out>
  </testcase>
  <testcase name="sora_lella_to_appleton" classname="uk.ac.ed.inf.unit.PathFinderTests" time="0.127">
    <system-out><![CDATA[Total ticks:106
[-3.1869517365021918,55.94451175168778],[-3.187101736502192,55.94451175168778],[-3.187251736502192,55.94451175168778],[-3.187401736502192,55.94451175168778],[-3.187551736502192,55.94451175168778],[-3.1877017365021922,55.94451175168778],[-3.1878403184320923,55.94445434917288],[-3.1879903184320924,55.94445434917288],[-3.1881403184320924,55.94445434917288],[-3.1882789003619925,55.94439694665798],[-3.1884289003619926,55.94439694665798],[-3.1885674822918926,55.944339544143084],[-3.1887174822918927,55.944339544143084],[-3.1888674822918928,55.944339544143084],[-3.189006064221793,55.944282141628186],[-3.189156064221793,55.944282141628186],[-3.189306064221793,55.944282141628186],[-3.189444646151693,55.94422473911329],[-3.189594646151693,55.94422473911329],[-3.189733228081593,55.94416733659839],[-3.189883228081593,55.94416733659839],[-3.1900332280815933,55.94416733659839],[-3.1901718100114933,55.94410993408349],[-3.1903218100114934,55.94410993408349],[-3.1904603919413934,55.944052531568595],[-3.1906103919413935,55.944052531568595],[-3.1906677944562936,55.94391394963869],[-3.1907738604734934,55.94380788362149],[-3.1908799264906933,55.943701817604286],[-3.1910185084205933,55.94364441508939],[-3.1911685084205934,55.94364441508939],[-3.1913070903504934,55.94358701257449],[-3.1914570903504935,55.94358701257449],[-3.1915956722803935,55.94352961005959],[-3.1917456722803936,55.94352961005959],[-3.1918842542102936,55.943472207544694],[-3.1920342542102937,55.943472207544694],[-3.1921728361401938,55.943414805029796],[-3.192322836140194,55.943414805029796],[-3.192461418070094,55.9433574025149],[-3.192611418070094,55.9433574025149],[-3.192749999999994,55.9433],[-3.192899999999994,55.9433],[-3.193049999999994,55.9433],[-3.1931999999999943,55.9433],[-3.1933499999999944,55.9433],[-3.1934999999999945,55.9433],[-3.1936499999999945,55.9433],[-3.1937999999999946,55.9433],[-3.1939499999999947,55.9433],[-3.194099999999995,55.9433],[-3.194249999999995,55.9433],[-3.194399999999995,55.9433],[-3.194549999999995,55.9433],[-3.194699999999995,55.9433],[-3.1948499999999953,55.9433],[-3.1949999999999954,55.9433],[-3.1951499999999955,55.9433],[-3.1952999999999956,55.9433],[-3.1954499999999957,55.9433],[-3.1955999999999958,55.9433],[-3.195749999999996,55.9433],[-3.195899999999996,55.9433],[-3.196049999999996,55.9433],[-3.196199999999996,55.9433],[-3.1963499999999962,55.9433],[-3.1964999999999963,55.9433],[-3.1966499999999964,55.9433],[-3.1967999999999965,55.9433],[-3.1969499999999966,55.9433],[-3.1970999999999967,55.9433],[-3.197249999999997,55.9433],[-3.197399999999997,55.9433],[-3.197549999999997,55.9433],[-3.197699999999997,55.9433],[-3.197849999999997,55.9433],[-3.1979999999999973,55.9433],[-3.1981499999999974,55.9433],[-3.1982999999999975,55.9433],[-3.1984499999999976,55.9433],[-3.1985999999999977,55.9433],[-3.1987499999999978,55.9433],[-3.198899999999998,55.9433],[-3.199049999999998,55.9433],[-3.199199999999998,55.9433],[-3.199349999999998,55.9433],[-3.1994999999999982,55.9433],[-3.1996499999999983,55.9433],[-3.1997999999999984,55.9433],[-3.1999499999999985,55.9433],[-3.2000999999999986,55.9433],[-3.2002499999999987,55.9433],[-3.200399999999999,55.9433],[-3.200549999999999,55.9433],[-3.200699999999999,55.9433],[-3.200849999999999,55.9433],[-3.200999999999999,55.9433],[-3.2011499999999993,55.9433],[-3.2012999999999994,55.9433],[-3.2014499999999995,55.9433],[-3.2015999999999996,55.9433],[-3.2017499999999997,55.9433],[-3.2018999999999997,55.9433],[-3.20205,55.9433],[-3.2022,55.9433],[-3.20235,55.9433],[-3.2025,55.9433]
]]></system-out>
  </testcase>
  <testcase name="dominoes_to_appleton" classname="uk.ac.ed.inf.unit.PathFinderTests" time="0.002">
    <system-out><![CDATA[Total ticks:20
[-3.186813268547109,55.944604834774324],[-3.186707202529909,55.94449876875712],[-3.186557202529909,55.94449876875712],[-3.186407202529909,55.94449876875712],[-3.1862572025299087,55.94449876875712],[-3.1861072025299086,55.94449876875712],[-3.1859572025299085,55.94449876875712],[-3.1858072025299085,55.94449876875712],[-3.1856572025299084,55.94449876875712],[-3.1855072025299083,55.94449876875712],[-3.185357202529908,55.94449876875712],[-3.185207202529908,55.94449876875712],[-3.185057202529908,55.94449876875712],[-3.184907202529908,55.94449876875712],[-3.184757202529908,55.94449876875712],[-3.1846072025299077,55.94449876875712],[-3.1844572025299076,55.94449876875712],[-3.1843072025299075,55.94449876875712],[-3.1841572025299074,55.94449876875712],[-3.1840072025299073,55.94449876875712],[-3.1838572025299072,55.94449876875712]
]]></system-out>
  </testcase>
  <testcase name="behind_McEwan_corner" classname="uk.ac.ed.inf.unit.PathFinderTests" time="0.006">
    <system-out><![CDATA[Total ticks:22
[-3.1869957162142013,55.944539339827976],[-3.187101782231401,55.94464540584518],[-3.187207848248601,55.94475147186238],[-3.187346430178501,55.94480887437728],[-3.187452496195701,55.94491494039448],[-3.187591078125601,55.94497234290938],[-3.187697144142801,55.945078408926584],[-3.187697144142801,55.94522840892658],[-3.187697144142801,55.94537840892658],[-3.1878032101600007,55.94548447494378],[-3.1879092761772005,55.945590540960985],[-3.1880153421944004,55.94569660697819],[-3.1881214082116003,55.94580267299539],[-3.1882274742288,55.945908739012594],[-3.188333540246,55.9460148050298],[-3.1884396062632,55.946120871047],[-3.1885896062632,55.946120871047],[-3.1887281881931,55.9460634685321],[-3.1888342542103,55.9459574025149],[-3.1889728361402,55.9459],[-3.1891114180701,55.945842597485104],[-3.1892614180701,55.945842597485104],[-3.1894,55.9459]
]]></system-out>
  </testcase>
</testsuite>